<?xml version="1.0" encoding="UTF-8"?>
<!-- Generated by org.testng.reporters.JUnitXMLReporter -->
<testsuite ignored="0" hostname="DESKTOP-K242S0S" failures="0" tests="3" name="Default test" time="27.529" errors="0" timestamp="19 Aug 2019 17:38:49 GMT">
  <testcase classname="com.test.GoogleTest" name="googleTitleTest" time="0.031"/>
  <testcase classname="com.test.GoogleTest" name="googleLogoTest" time="0.139"/>
  <testcase classname="com.test.GoogleTest" name="isMailLinkPresent" time="0.17"/>
</testsuite> <!-- Default test -->
