<?xml version="1.0" encoding="UTF-8"?>
<testng-results ignored="0" total="1" passed="1" failed="0" skipped="0">
  <reporter-output>
  </reporter-output>
  <suite started-at="2019-08-21T12:03:10Z" name="Test Automation Suite 1" finished-at="2019-08-21T12:03:17Z" duration-ms="7079">
    <groups>
    </groups>
    <test started-at="2019-08-21T12:03:10Z" name="Search test" finished-at="2019-08-21T12:03:17Z" duration-ms="7079">
      <class name="com.test.GoogleTest">
        <test-method signature="googleSearch(java.lang.String, java.lang.String, java.lang.String)[pri:0, instance:com.test.GoogleTest@20d3d15a]" started-at="2019-08-21T12:03:10Z" name="googleSearch" finished-at="2019-08-21T12:03:17Z" duration-ms="7055" status="PASS">
          <params>
            <param index="0">
              <value>
                <![CDATA[chrome]]>
              </value>
            </param>
            <param index="1">
              <value>
                <![CDATA[http://www.google.com]]>
              </value>
            </param>
            <param index="2">
              <value>
                <![CDATA[selenium tutorial]]>
              </value>
            </param>
          </params>
          <reporter-output>
          </reporter-output>
        </test-method> <!-- googleSearch -->
      </class> <!-- com.test.GoogleTest -->
    </test> <!-- Search test -->
  </suite> <!-- Test Automation Suite 1 -->
</testng-results>
